<?xml version="1.0" encoding="UTF-8"?>
<testng-results skipped="1" failed="0" total="4" passed="3">
  <reporter-output>
  </reporter-output>
  <suite name="Suite1" duration-ms="53846" started-at="2015-11-22T03:28:25Z" finished-at="2015-11-22T03:29:19Z">
    <groups>
      <group name="sanity">
        <method signature="Annotate.openUrl()[pri:0, instance:NGCase.Annotate@340f438e]" name="openUrl" class="NGCase.Annotate"/>
        <method signature="Annotate.verifyLogin(java.lang.String, java.lang.String, java.lang.String)[pri:0, instance:NGCase.Annotate@340f438e]" name="verifyLogin" class="NGCase.Annotate"/>
      </group> <!-- sanity -->
    </groups>
    <test name="test1" duration-ms="53799" started-at="2015-11-22T03:28:25Z" finished-at="2015-11-22T03:29:19Z">
      <class name="NGCase.Annotate">
        <test-method status="PASS" signature="openUrl()[pri:0, instance:NGCase.Annotate@340f438e]" name="openUrl" duration-ms="6908" started-at="2015-11-21T19:28:25Z" finished-at="2015-11-21T19:28:32Z">
          <reporter-output>
          </reporter-output>
        </test-method> <!-- openUrl -->
        <test-method status="PASS" signature="verifyLogin(java.lang.String, java.lang.String, java.lang.String)[pri:0, instance:NGCase.Annotate@340f438e]" name="verifyLogin" duration-ms="23375" started-at="2015-11-21T19:28:32Z" data-provider="loginData" finished-at="2015-11-21T19:28:56Z">
          <params>
            <param index="0">
              <value>
                <![CDATA[abhishek.jain@naukri.dddd]]>
              </value>
            </param>
            <param index="1">
              <value>
                <![CDATA[qwas123))]]>
              </value>
            </param>
            <param index="2">
              <value>
                <![CDATA[Sdjdshfj]]>
              </value>
            </param>
          </params>
          <reporter-output>
          </reporter-output>
        </test-method> <!-- verifyLogin -->
        <test-method status="PASS" signature="verifyLogin(java.lang.String, java.lang.String, java.lang.String)[pri:0, instance:NGCase.Annotate@340f438e]" name="verifyLogin" duration-ms="23489" started-at="2015-11-21T19:28:56Z" data-provider="loginData" finished-at="2015-11-21T19:29:19Z">
          <params>
            <param index="0">
              <value>
                <![CDATA[abhishekjain94@yahoo.com]]>
              </value>
            </param>
            <param index="1">
              <value>
                <![CDATA[abc123123]]>
              </value>
            </param>
            <param index="2">
              <value>
                <![CDATA[Abhishek Jain]]>
              </value>
            </param>
          </params>
          <reporter-output>
          </reporter-output>
        </test-method> <!-- verifyLogin -->
      </class> <!-- NGCase.Annotate -->
    </test> <!-- test1 -->
    <test name="test2" duration-ms="4" started-at="2015-11-22T03:29:19Z" finished-at="2015-11-22T03:29:19Z">
      <class name="NGCase.AnotherTest">
        <test-method status="SKIP" signature="test()[pri:0, instance:NGCase.AnotherTest@6bf256fa]" name="test" duration-ms="2" started-at="2015-11-21T19:29:19Z" finished-at="2015-11-21T19:29:19Z">
          <exception class="org.testng.SkipException">
            <message>
              <![CDATA[skipping]]>
            </message>
            <full-stacktrace>
              <![CDATA[org.testng.SkipException: skipping
	at NGCase.AnotherTest.test(AnotherTest.java:11)
	at sun.reflect.NativeMethodAccessorImpl.invoke0(Native Method)
	at sun.reflect.NativeMethodAccessorImpl.invoke(Unknown Source)
	at sun.reflect.DelegatingMethodAccessorImpl.invoke(Unknown Source)
	at java.lang.reflect.Method.invoke(Unknown Source)
	at org.testng.internal.MethodInvocationHelper.invokeMethod(MethodInvocationHelper.java:85)
	at org.testng.internal.Invoker.invokeMethod(Invoker.java:639)
	at org.testng.internal.Invoker.invokeTestMethod(Invoker.java:816)
	at org.testng.internal.Invoker.invokeTestMethods(Invoker.java:1124)
	at org.testng.internal.TestMethodWorker.invokeTestMethods(TestMethodWorker.java:124)
	at org.testng.internal.TestMethodWorker.run(TestMethodWorker.java:108)
	at org.testng.TestRunner.privateRun(TestRunner.java:773)
	at org.testng.TestRunner.run(TestRunner.java:623)
	at org.testng.SuiteRunner.runTest(SuiteRunner.java:359)
	at org.testng.SuiteRunner.runSequentially(SuiteRunner.java:354)
	at org.testng.SuiteRunner.privateRun(SuiteRunner.java:312)
	at org.testng.SuiteRunner.run(SuiteRunner.java:261)
	at org.testng.SuiteRunnerWorker.runSuite(SuiteRunnerWorker.java:52)
	at org.testng.SuiteRunnerWorker.run(SuiteRunnerWorker.java:86)
	at org.testng.TestNG.runSuitesSequentially(TestNG.java:1185)
	at org.testng.TestNG.runSuitesLocally(TestNG.java:1110)
	at org.testng.TestNG.run(TestNG.java:1018)
	at org.testng.remote.RemoteTestNG.run(RemoteTestNG.java:112)
	at org.testng.remote.RemoteTestNG.initAndRun(RemoteTestNG.java:205)
	at org.testng.remote.RemoteTestNG.main(RemoteTestNG.java:176)
]]>
            </full-stacktrace>
          </exception> <!-- org.testng.SkipException -->
          <reporter-output>
          </reporter-output>
        </test-method> <!-- test -->
      </class> <!-- NGCase.AnotherTest -->
      <class name="NGCase.Annotate">
        <test-method status="PASS" signature="beforeSuite()[pri:0, instance:NGCase.Annotate@340f438e]" name="beforeSuite" is-config="true" duration-ms="5301" started-at="2015-11-21T19:28:20Z" finished-at="2015-11-21T19:28:25Z">
          <reporter-output>
          </reporter-output>
        </test-method> <!-- beforeSuite -->
        <test-method status="PASS" signature="afterSuite()[pri:0, instance:NGCase.Annotate@340f438e]" name="afterSuite" is-config="true" duration-ms="2699" started-at="2015-11-21T19:29:19Z" finished-at="2015-11-21T19:29:22Z">
          <reporter-output>
          </reporter-output>
        </test-method> <!-- afterSuite -->
      </class> <!-- NGCase.Annotate -->
    </test> <!-- test2 -->
  </suite> <!-- Suite1 -->
</testng-results>
